ID: VAL-35, 相似度: 0.5002985298633575:
	The label.
	字符串

ID: VAL-21, 相似度: 0.5532528571784496:
	接受 std::string &result, const std::string &procedure_type, const std::string &procedure_name, const std::string &graph。
	DeleteProcedure 函数接受两个参数，分别是整型参数 'id' 和字符串参数 'name'。

ID: VAL-6, 相似度: 0.5616244599223137:
	Deletes current edge. The iterator will point to the next out edge if there is any.
	删除当前边，并将迭代器指向下一条按（标签、tid、目标顶点、eid）排序的出边，若无更多出边则迭代器失效。

ID: VAL-1, 相似度: 0.603961706161499:
	三个级别（0，1，2）。
	3

ID: VAL-38, 相似度: 0.6192627996206284:
	是的，需要指定。
	需要指定。在创建 Label 的请求中，必须通过 `is_vertex` 字段明确指定该 Label 是点（vertex）还是边（relationship）。如果是点，还需设置 `primary` 字段作为主键属性；如果是边，可以设置 `edge_constraints` 字段来限制边的起点和终点。

ID: VAL-18, 相似度: 0.6379595249891281:
	Antlr4 C++ target的并发性能不足以支持所需的超高并发GQL请求。
	很抱歉，提供的上下文中没有关于TuGraph DB并发性能优化最初面临的主要问题的信息。

ID: VAL-30, 相似度: 0.6387471109628677:
	标记field是否为空
	"Value pack时的null array"通常指在特定数据包或配置中，某个预期应包含元素的数组为空，即没有任何元素。这可能表示该数组未被正确初始化或数据缺失。具体含义需结合上下文进一步分析。

ID: VAL-7, 相似度: 0.6701661646366119:
	单机模式下，调整配置文件src/server/lgraph_standalone.json，其中verbose配置项控制日志等级，verbose可以设置为0,1,2，对应日志等级可以参考src/server/lgraph_server.cpp中115行至128行。
	服务器日志的详细程度可通过verbose配置项指定，分为0, 1, 2三个等级，默认等级为1。

ID: VAL-39, 相似度: 0.6714618504047394:
	简单图分析操作和复杂图分析操作。
	TuGraph中使用的两种主要图分析操作是简单图分析操作和复杂图分析操作。简单图分析操作通常也是局部的图分析操作，比如两点间最短路算法SPSP、Jaccard算法。复杂分析操作通常涉及全图的多轮数据迭代操作，比如网页排序算法PageRank、社区发现算法Louvain。

ID: VAL-44, 相似度: 0.6763266175985336:
	如果 src_vid < dst_vid, 关键是 (index field value + src_vid + dst_vid); 如果 src_vid > dst_vid, 关键是 (index field value + dst_vid + src_vid)。
	PairUniqueIndex的钥匙生成形式是将两个字段的值组合成一个唯一的键，通常采用“字段1值_字段2值”的格式，以确保每个键在数据集中是唯一的。

ID: VAL-19, 相似度: 0.6775633990764618:
	需要url（如"127.0.0.1:19099"）、user（如"admin"）和password（如"73@TuGraph"）。
	C++客户端中实例化单节点client对象需要以下三个参数：服务器地址（形如ip:port），用户名和密码。


平均余弦相似度: 0.8093671811372042
